<?xml version="1.0" encoding="UTF-8" ?>
<testsuite errors="0" failures="0" hostname="Ashishs-MacBook-Pro.local" name="com.allendowney.thinkdast.WikiSearchTest" skipped="0" tests="4" time="0.039" timestamp="2025-12-12T20:07:49">
  <properties>
[...]
</properties>
  <testcase classname="com.allendowney.thinkdast.WikiSearchTest" name="testAnd" time="0.002" />
  <testcase classname="com.allendowney.thinkdast.WikiSearchTest" name="testMinus" time="0.0" />
  <testcase classname="com.allendowney.thinkdast.WikiSearchTest" name="testSort" time="0.001" />
  <testcase classname="com.allendowney.thinkdast.WikiSearchTest" name="testOr" time="0.0" />
  <system-out><![CDATA[]]></system-out>
  <system-err><![CDATA[]]></system-err>
</testsuite>
